warning: Tag `USE_WINDOWS_ENCODING' at line 64 of file `/Package/doc/Doxyfile' has become obsolete.
         To avoid this warning please remove this line from your configuration file or upgrade it using "doxygen -u"
warning: Tag `DETAILS_AT_TOP' at line 156 of file `/Package/doc/Doxyfile' has become obsolete.
         To avoid this warning please remove this line from your configuration file or upgrade it using "doxygen -u"
warning: Tag `SHOW_DIRECTORIES' at line 390 of file `/Package/doc/Doxyfile' has become obsolete.
         To avoid this warning please remove this line from your configuration file or upgrade it using "doxygen -u"
warning: Tag `HTML_ALIGN_MEMBERS' at line 674 of file `/Package/doc/Doxyfile' has become obsolete.
         To avoid this warning please remove this line from your configuration file or upgrade it using "doxygen -u"
warning: Tag `XML_SCHEMA' at line 906 of file `/Package/doc/Doxyfile' has become obsolete.
         To avoid this warning please remove this line from your configuration file or upgrade it using "doxygen -u"
warning: Tag `XML_DTD' at line 912 of file `/Package/doc/Doxyfile' has become obsolete.
         To avoid this warning please remove this line from your configuration file or upgrade it using "doxygen -u"
warning: Tag `MAX_DOT_GRAPH_WIDTH' at line 1196 of file `/Package/doc/Doxyfile' has become obsolete.
         To avoid this warning please remove this line from your configuration file or upgrade it using "doxygen -u"
warning: Tag `MAX_DOT_GRAPH_HEIGHT' at line 1204 of file `/Package/doc/Doxyfile' has become obsolete.
         To avoid this warning please remove this line from your configuration file or upgrade it using "doxygen -u"
Searching for include files...
Searching for example files...
Searching for images...
Searching for dot files...
Searching for msc files...
Searching for dia files...
Searching for files to exclude
Searching INPUT for files to process...
Reading and parsing tag files
Parsing files
Preprocessing /Package/doc/overview.txt...
Parsing file /Package/doc/overview.txt...
Preprocessing /Package/source/book/include/marlinmt/book/BookStore.h...
Parsing file /Package/source/book/include/marlinmt/book/BookStore.h...
Preprocessing /Package/source/book/include/marlinmt/book/Condition.h...
Parsing file /Package/source/book/include/marlinmt/book/Condition.h...
Preprocessing /Package/source/book/include/marlinmt/book/Entry.h...
Parsing file /Package/source/book/include/marlinmt/book/Entry.h...
Preprocessing /Package/source/book/include/marlinmt/book/EntryData.h...
Parsing file /Package/source/book/include/marlinmt/book/EntryData.h...
Preprocessing /Package/source/book/include/marlinmt/book/Flags.h...
Parsing file /Package/source/book/include/marlinmt/book/Flags.h...
Preprocessing /Package/source/book/include/marlinmt/book/Handle.h...
Parsing file /Package/source/book/include/marlinmt/book/Handle.h...
Preprocessing /Package/source/book/include/marlinmt/book/Hist.h...
Parsing file /Package/source/book/include/marlinmt/book/Hist.h...
Preprocessing /Package/source/book/include/marlinmt/book/HistEntry.h...
Parsing file /Package/source/book/include/marlinmt/book/HistEntry.h...
Preprocessing /Package/source/book/include/marlinmt/book/HistEntryData.h...
Parsing file /Package/source/book/include/marlinmt/book/HistEntryData.h...
Preprocessing /Package/source/book/include/marlinmt/book/HistEntryDataBase.h...
Parsing file /Package/source/book/include/marlinmt/book/HistEntryDataBase.h...
Preprocessing /Package/source/book/include/marlinmt/book/MemLayout.h...
Parsing file /Package/source/book/include/marlinmt/book/MemLayout.h...
Preprocessing /Package/source/book/include/marlinmt/book/RootHistV7ToV6Conversion.h...
Parsing file /Package/source/book/include/marlinmt/book/RootHistV7ToV6Conversion.h...
Preprocessing /Package/source/book/include/marlinmt/book/Selection.h...
Parsing file /Package/source/book/include/marlinmt/book/Selection.h...
Preprocessing /Package/source/book/include/marlinmt/book/StoreWriter.h...
Parsing file /Package/source/book/include/marlinmt/book/StoreWriter.h...
Preprocessing /Package/source/book/include/marlinmt/book/Types.h...
Parsing file /Package/source/book/include/marlinmt/book/Types.h...
Preprocessing /Package/source/book/include/marlinmt/book/configs/Base.h...
Parsing file /Package/source/book/include/marlinmt/book/configs/Base.h...
Preprocessing /Package/source/book/include/marlinmt/book/configs/Dummy.h...
Parsing file /Package/source/book/include/marlinmt/book/configs/Dummy.h...
Preprocessing /Package/source/book/include/marlinmt/book/configs/ROOTv7.h...
Parsing file /Package/source/book/include/marlinmt/book/configs/ROOTv7.h...
Preprocessing /Package/source/book/src/BookStore.cc...
Parsing file /Package/source/book/src/BookStore.cc...
Preprocessing /Package/source/book/src/Condition.cc...
Parsing file /Package/source/book/src/Condition.cc...
Preprocessing /Package/source/book/src/Selection.cc...
Parsing file /Package/source/book/src/Selection.cc...
Preprocessing /Package/source/book/src/impl/RootHistV7ToV6Conversion.cc...
Parsing file /Package/source/book/src/impl/RootHistV7ToV6Conversion.cc...
Preprocessing /Package/source/book/src/impl/StoreWriter.cc...
Parsing file /Package/source/book/src/impl/StoreWriter.cc...
Preprocessing /Package/source/book/src/impl/StoreWriterDummy.cc...
Parsing file /Package/source/book/src/impl/StoreWriterDummy.cc...
Preprocessing /Package/source/framework/include/jenkinsHash.h...
Parsing file /Package/source/framework/include/jenkinsHash.h...
Preprocessing /Package/source/framework/include/marlinmt/Application.h...
Parsing file /Package/source/framework/include/marlinmt/Application.h...
Preprocessing /Package/source/framework/include/marlinmt/BookStoreManager.h...
Parsing file /Package/source/framework/include/marlinmt/BookStoreManager.h...
Preprocessing /Package/source/framework/include/marlinmt/CmdLineParser.h...
Parsing file /Package/source/framework/include/marlinmt/CmdLineParser.h...
Preprocessing /Package/source/framework/include/marlinmt/Component.h...
Parsing file /Package/source/framework/include/marlinmt/Component.h...
Preprocessing /Package/source/framework/include/marlinmt/Configuration.h...
Parsing file /Package/source/framework/include/marlinmt/Configuration.h...
Preprocessing /Package/source/framework/include/marlinmt/DataSourcePlugin.h...
Parsing file /Package/source/framework/include/marlinmt/DataSourcePlugin.h...
Preprocessing /Package/source/framework/include/marlinmt/EventExtensions.h...
Parsing file /Package/source/framework/include/marlinmt/EventExtensions.h...
Preprocessing /Package/source/framework/include/marlinmt/EventStore.h...
Parsing file /Package/source/framework/include/marlinmt/EventStore.h...
Preprocessing /Package/source/framework/include/marlinmt/Exceptions.h...
Parsing file /Package/source/framework/include/marlinmt/Exceptions.h...
Preprocessing /Package/source/framework/include/marlinmt/Extensions.h...
Parsing file /Package/source/framework/include/marlinmt/Extensions.h...
Preprocessing /Package/source/framework/include/marlinmt/GeometryManager.h...
Parsing file /Package/source/framework/include/marlinmt/GeometryManager.h...
Preprocessing /Package/source/framework/include/marlinmt/GeometryPlugin.h...
Parsing file /Package/source/framework/include/marlinmt/GeometryPlugin.h...
Preprocessing /Package/source/framework/include/marlinmt/IScheduler.h...
Parsing file /Package/source/framework/include/marlinmt/IScheduler.h...
Preprocessing /Package/source/framework/include/marlinmt/LoggerManager.h...
Parsing file /Package/source/framework/include/marlinmt/LoggerManager.h...
Preprocessing /Package/source/framework/include/marlinmt/Logging.h...
Parsing file /Package/source/framework/include/marlinmt/Logging.h...
Preprocessing /Package/source/framework/include/marlinmt/LogicalExpressions.h...
Parsing file /Package/source/framework/include/marlinmt/LogicalExpressions.h...
Preprocessing /Package/source/framework/include/marlinmt/MarlinMTBookConfig.h...
Parsing file /Package/source/framework/include/marlinmt/MarlinMTBookConfig.h...
Preprocessing /Package/source/framework/include/marlinmt/MarlinMTConfig.h...
Parsing file /Package/source/framework/include/marlinmt/MarlinMTConfig.h...
Preprocessing /Package/source/framework/include/marlinmt/Parameter.h...
Parsing file /Package/source/framework/include/marlinmt/Parameter.h...
Preprocessing /Package/source/framework/include/marlinmt/PluginManager.h...
Parsing file /Package/source/framework/include/marlinmt/PluginManager.h...
Preprocessing /Package/source/framework/include/marlinmt/Processor.h...
Parsing file /Package/source/framework/include/marlinmt/Processor.h...
Preprocessing /Package/source/framework/include/marlinmt/ProcessorApi.h...
Parsing file /Package/source/framework/include/marlinmt/ProcessorApi.h...
Preprocessing /Package/source/framework/include/marlinmt/RandomSeedManager.h...
Parsing file /Package/source/framework/include/marlinmt/RandomSeedManager.h...
Preprocessing /Package/source/framework/include/marlinmt/RunHeader.h...
Parsing file /Package/source/framework/include/marlinmt/RunHeader.h...
Preprocessing /Package/source/framework/include/marlinmt/Sequence.h...
Parsing file /Package/source/framework/include/marlinmt/Sequence.h...
Preprocessing /Package/source/framework/include/marlinmt/SimpleScheduler.h...
Parsing file /Package/source/framework/include/marlinmt/SimpleScheduler.h...
Preprocessing /Package/source/framework/include/marlinmt/Utils.h...
Parsing file /Package/source/framework/include/marlinmt/Utils.h...
Preprocessing /Package/source/framework/include/marlinmt/Validator.h...
Parsing file /Package/source/framework/include/marlinmt/Validator.h...
Preprocessing /Package/source/framework/include/marlinmt/concurrency/PEPScheduler.h...
Parsing file /Package/source/framework/include/marlinmt/concurrency/PEPScheduler.h...
Preprocessing /Package/source/framework/include/marlinmt/concurrency/Queue.h...
Parsing file /Package/source/framework/include/marlinmt/concurrency/Queue.h...
Preprocessing /Package/source/framework/include/marlinmt/concurrency/QueueElement.h...
Parsing file /Package/source/framework/include/marlinmt/concurrency/QueueElement.h...
Preprocessing /Package/source/framework/include/marlinmt/concurrency/ThreadPool.h...
Parsing file /Package/source/framework/include/marlinmt/concurrency/ThreadPool.h...
Preprocessing /Package/source/framework/include/marlinmt/concurrency/Worker.h...
Parsing file /Package/source/framework/include/marlinmt/concurrency/Worker.h...
Preprocessing /Package/source/framework/src/Application.cc...
Parsing file /Package/source/framework/src/Application.cc...
Preprocessing /Package/source/framework/src/BookStoreManager.cc...
Parsing file /Package/source/framework/src/BookStoreManager.cc...
Preprocessing /Package/source/framework/src/CmdLineParser.cc...
Parsing file /Package/source/framework/src/CmdLineParser.cc...
Preprocessing /Package/source/framework/src/Component.cc...
Parsing file /Package/source/framework/src/Component.cc...
Preprocessing /Package/source/framework/src/Configuration.cc...
Parsing file /Package/source/framework/src/Configuration.cc...
Preprocessing /Package/source/framework/src/DataSourcePlugin.cc...
Parsing file /Package/source/framework/src/DataSourcePlugin.cc...
Preprocessing /Package/source/framework/src/EventExtensions.cc...
Parsing file /Package/source/framework/src/EventExtensions.cc...
Preprocessing /Package/source/framework/src/Exceptions.cc...
Parsing file /Package/source/framework/src/Exceptions.cc...
Preprocessing /Package/source/framework/src/GeometryManager.cc...
Parsing file /Package/source/framework/src/GeometryManager.cc...
Preprocessing /Package/source/framework/src/GeometryPlugin.cc...
Parsing file /Package/source/framework/src/GeometryPlugin.cc...
Preprocessing /Package/source/framework/src/IScheduler.cc...
Parsing file /Package/source/framework/src/IScheduler.cc...
Preprocessing /Package/source/framework/src/LoggerManager.cc...
Parsing file /Package/source/framework/src/LoggerManager.cc...
Preprocessing /Package/source/framework/src/Logging.cc...
Parsing file /Package/source/framework/src/Logging.cc...
Preprocessing /Package/source/framework/src/LogicalExpressions.cc...
Parsing file /Package/source/framework/src/LogicalExpressions.cc...
Preprocessing /Package/source/framework/src/Parameter.cc...
Parsing file /Package/source/framework/src/Parameter.cc...
Preprocessing /Package/source/framework/src/PluginManager.cc...
Parsing file /Package/source/framework/src/PluginManager.cc...
Preprocessing /Package/source/framework/src/Processor.cc...
Parsing file /Package/source/framework/src/Processor.cc...
Preprocessing /Package/source/framework/src/ProcessorApi.cc...
Parsing file /Package/source/framework/src/ProcessorApi.cc...
Preprocessing /Package/source/framework/src/RandomSeedManager.cc...
Parsing file /Package/source/framework/src/RandomSeedManager.cc...
Preprocessing /Package/source/framework/src/Sequence.cc...
Parsing file /Package/source/framework/src/Sequence.cc...
Preprocessing /Package/source/framework/src/SimpleScheduler.cc...
Parsing file /Package/source/framework/src/SimpleScheduler.cc...
Preprocessing /Package/source/framework/src/Utils.cc...
Parsing file /Package/source/framework/src/Utils.cc...
Preprocessing /Package/source/framework/src/concurrency/PEPScheduler.cc...
Parsing file /Package/source/framework/src/concurrency/PEPScheduler.cc...
Preprocessing /Package/source/framework/plugins/CPUCrunchingProcessor.cc...
Parsing file /Package/source/framework/plugins/CPUCrunchingProcessor.cc...
Preprocessing /Package/source/framework/plugins/EmptyGeometry.cc...
Parsing file /Package/source/framework/plugins/EmptyGeometry.cc...
Preprocessing /Package/source/framework/plugins/MemoryMonitorProcessor.cc...
Parsing file /Package/source/framework/plugins/MemoryMonitorProcessor.cc...
Preprocessing /Package/source/framework/plugins/Statusmonitor.cc...
Parsing file /Packa/Package/source/book/include/marlinmt/book/BookStore.h:450: warning: no uniquely matching class member found for 
  template < T >
  Handle< Entry< T > > & marlinmt::book::Handle< Entry< T > >::operator=(marlinmt::book::Handle< marlinmt::book::Entry< T >> &&hnd)
Possible candidates:
  Handle & marlinmt::book::Handle< Entry< T > >::operator=(const Handle &)=delete' at line 60 of file /Package/source/book/include/marlinmt/book/BookStore.h
  Handle & marlinmt::book::Handle< Entry< T > >::operator=(Handle &&hnd) noexcept' at line 68 of file /Package/source/book/include/marlinmt/book/BookStore.h

/Package/source/book/include/marlinmt/book/Hist.h:51: warning: no uniquely matching class member found for 
  template < Config >
  marlinmt::book::EntryData< types::HistT< Config >, 0 >::EntryData(const typename marlinmt::book::types::HistT< Config >::AxisConfig_t &axis)
Possible candidates:
  marlinmt::book::EntryData< types::HistT< Config >, 0 >::EntryData(const typename Type::AxisConfig_t &axis)' at line 31 of file /Package/source/book/include/marlinmt/book/HistEntryData.h
  marlinmt::book::EntryData< types::HistT< Config >, 0 >::EntryData(const std::string_view &title, const typename Type::AxisConfig_t &axis)' at line 38 of file /Package/source/book/include/marlinmt/book/HistEntryData.h
  marlinmt::book::EntryData< types::HistT< Config >, 0 >::EntryData(const typename Type::AxisConfig_t &x_axis, const typename Type::AxisConfig_t &y_axis)' at line 46 of file /Package/source/book/include/marlinmt/book/HistEntryData.h
  marlinmt::book::EntryData< types::HistT< Config >, 0 >::EntryData(const std::string_view &title, const typename Type::AxisConfig_t &x_axis, const typename Type::AxisConfig_t &y_axis)' at line 55 of file /Package/source/book/include/marlinmt/book/HistEntryData.h
  marlinmt::book::EntryData< types::HistT< Config >, 0 >::EntryData(const typename Type::AxisConfig_t &x_axis, const typename Type::AxisConfig_t &y_axis, const typename Type::AxisConfig_t &z_axis)' at line 65 of file /Package/source/book/include/marlinmt/book/HistEntryData.h
  marlinmt::book::EntryData< types::HistT< Config >, 0 >::EntryData(const std::string_view &title, const typename Type::AxisConfig_t &x_axis, const typename Type::AxisConfig_t &y_axis, const typename Type::AxisConfig_t &z_axis)' at line 76 of file /Package/source/book/include/marlinmt/book/HistEntryData.h
  marlinmt::book::EntryData< types::HistT< Config >, 0 >::EntryData(const std::string_view &title, const std::array< const types::AxisConfig< typename Config::Precision_t > *, Config::Dimension > &axes)' at line 86 of file /Package/source/book/include/marlinmt/book/HistEntryData.h

/Package/source/book/include/marlinmt/book/Hist.h:61: warning: no uniquely matching class member found for 
  template < Config >
  marlinmt::book::EntryData< types::HistT< Config >, 0 >::EntryData(const std::string_view &title, const typename marlinmt::book::types::HistT< Config >::AxisConfig_t &axis)
Possible candidates:
  marlinmt::book::EntryData< types::HistT< Config >, 0 >::EntryData(const typename Type::AxisConfig_t &axis)' at line 31 of file /Package/source/book/include/marlinmt/book/HistEntryData.h
  marlinmt::book::EntryData< types::HistT< Config >, 0 >::EntryData(const std::string_view &title, const typename Type::AxisConfig_t &axis)' at line 38 of file /Package/source/book/include/marlinmt/book/HistEntryData.h
  marlinmt::book::EntryData< types::HistT< Config >, 0 >::EntryData(const typename Type::AxisConfig_t &x_axis, const typename Type::AxisConfig_t &y_axis)' at line 46 of file /Package/source/book/include/marlinmt/book/HistEntryData.h
  marlinmt::book::EntryData< types::HistT< Config >, 0 >::EntryData(const std::string_view &title, const typename Type::AxisConfig_t &x_axis, const typename Type::AxisConfig_t &y_axis)' at line 55 of file /Package/source/book/include/marlinmt/book/HistEntryData.h
  marlinmt::book::EntryData< types::HistT< Config >, 0 >::EntryData(const typename Type::AxisConfig_t &x_axis, const typename Type::AxisConfig_t &y_axis, const typename Type::AxisConfig_t &z_axis)' at line 65 of file /Package/source/book/include/marlinmt/book/HistEntryData.h
  marlinmt::book::EntryData< types::HistT< Config >, 0 >::EntryData(const std::string_view &title, const typename Type::AxisConfig_t &x_axis, const typename Type::AxisConfig_t &y_axis, const typename Type::AxisConfig_t &z_axis)' at line 76 of file /Package/source/book/include/marlinmt/book/HistEntryData.h
  marlinmt::book::EntryData< types::HistT< Config >, 0 >::EntryData(const std::string_view &title, const std::array< const types::AxisConfig< typename Config::Precision_t > *, Config::Dimension > &axes)' at line 86 of file /Package/source/book/include/marlinmt/book/HistEntryData.h

/Package/source/book/include/marlinmt/book/Hist.h:71: warning: no uniquely matching class member found for 
  template < Config >
  marlinmt::book::EntryData< types::HistT< Config >, 0 >::EntryData(const typename marlinmt::book::types::HistT< Config >::AxisConfig_t &x_axis, const typename types::HistT< Config >::AxisConfig_t &y_axis)
Possible candidates:
  marlinmt::book::EntryData< types::HistT< Config >, 0 >::EntryData(const typename Type::AxisConfig_t &axis)' at line 31 of file /Package/source/book/include/marlinmt/book/HistEntryData.h
  marlinmt::book::EntryData< types::HistT< Config >, 0 >::EntryData(const std::string_view &title, const typename Type::AxisConfig_t &axis)' at line 38 of file /Package/source/book/include/marlinmt/book/HistEntryData.h
  marlinmt::book::EntryData< types::HistT< Config >, 0 >::EntryData(const typename Type::AxisConfig_t &x_axis, const typename Type::AxisConfig_t &y_axis)' at line 46 of file /Package/source/book/include/marlinmt/book/HistEntryData.h
  marlinmt::book::EntryData< types::HistT< Config >, 0 >::EntryData(const std::string_view &title, const typename Type::AxisConfig_t &x_axis, const typename Type::AxisConfig_t &y_axis)' at line 55 of file /Package/source/book/include/marlinmt/book/HistEntryData.h
  marlinmt::book::EntryData< types::HistT< Config >, 0 >::EntryData(const typename Type::AxisConfig_t &x_axis, const typename Type::AxisConfig_t &y_axis, const typename Type::AxisConfig_t &z_axis)' at line 65 of file /Package/source/book/include/marlinmt/book/HistEntryData.h
  marlinmt::book::EntryData< types::HistT< Config >, 0 >::EntryData(const std::string_view &title, const typename Type::AxisConfig_t &x_axis, const typename Type::AxisConfig_t &y_axis, const typename Type::AxisConfig_t &z_axis)' at line 76 of file /Package/source/book/include/marlinmt/book/HistEntryData.h
  marlinmt::book::EntryData< types::HistT< Config >, 0 >::EntryData(const std::string_view &title, const std::array< const types::AxisConfig< typename Config::Precision_t > *, Config::Dimension > &axes)' at line 86 of file /Package/source/book/include/marlinmt/book/HistEntryData.h

/Package/source/book/include/marlinmt/book/Hist.h:83: warning: no uniquely matching class member found for 
  template < Config >
  marlinmt::book::EntryData< types::HistT< Config >, 0 >::EntryData(const std::string_view &title, const typename marlinmt::book::types::HistT< Config >::AxisConfig_t &x_axis, const typename types::HistT< Config >::AxisConfig_t &y_axis)
Possible candidates:
  marlinmt::book::EntryData< types::HistT< Config >, 0 >::EntryData(const typename Type::AxisConfig_t &axis)' at line 31 of file /Package/source/book/include/marlinmt/book/HistEntryData.h
  marlinmt::book::EntryData< types::HistT< Config >, 0 >::EntryData(const std::string_view &title, const typename Type::AxisConfig_t &axis)' at line 38 of file /Package/source/book/include/marlinmt/book/HistEntryData.h
  marlinmt::book::EntryData< types::HistT< Config >, 0 >::EntryData(const typename Type::AxisConfig_t &x_axis, const typename Type::AxisConfig_t &y_axis)' at line 46 of file /Package/source/book/include/marlinmt/book/HistEntryData.h
  marlinmt::book::EntryData< types::HistT< Config >, 0 >::EntryData(const std::string_view &title, const typename Type::AxisConfig_t &x_axis, const typename Type::AxisConfig_t &y_axis)' at line 55 of file /Package/source/book/include/marlinmt/book/HistEntryData.h
  marlinmt::book::EntryData< types::HistT< Config >, 0 >::EntryData(const typename Type::AxisConfig_t &x_axis, const typename Type::AxisConfig_t &y_axis, const typename Type::AxisConfig_t &z_axis)' at line 65 of file /Package/source/book/include/marlinmt/book/HistEntryData.h
  marlinmt::book::EntryData< types::HistT< Config >, 0 >::EntryData(const std::string_view &title, const typename Type::AxisConfig_t &x_axis, const typename Type::AxisConfig_t &y_axis, const typename Type::AxisConfig_t &z_axis)' at line 76 of file /Package/source/book/include/marlinmt/book/HistEntryData.h
  marlinmt::book::EntryData< types::HistT< Config >, 0 >::EntryData(const std::string_view &title, const std::array< const types::AxisConfig< typename Config::Precision_t > *, Config::Dimension > &axes)' at line 86 of file /Package/source/book/include/marlinmt/book/HistEntryData.h

/Package/source/book/include/marlinmt/book/Hist.h:96: warning: no uniquely matching class member found for 
  template < Config >
  marlinmt::book::EntryData< types::HistT< Config >, 0 >::EntryData(const typename marlinmt::book::types::HistT< Config >::AxisConfig_t &x_axis, const typename types::HistT< Config >::AxisConfig_t &y_axis, const typename types::HistT< Config >::AxisConfig_t &z_axis)
Possible candidates:
  marlinmt::book::EntryData< types::HistT< Config >, 0 >::EntryData(const typename Type::AxisConfig_t &axis)' at line 31 of file /Package/source/book/include/marlinmt/book/HistEntryData.h
  marlinmt::book::EntryData< types::HistT< Config >, 0 >::EntryData(const std::string_view &title, const typename Type::AxisConfig_t &axis)' at line 38 of file /Package/source/book/include/marlinmt/book/HistEntryData.h
  marlinmt::book::EntryData< types::HistT< Config >, 0 >::EntryData(const typename Type::AxisConfig_t &x_axis, const typename Type::AxisConfig_t &y_axis)' at line 46 of file /Package/source/book/include/marlinmt/book/HistEntryData.h
  marlinmt::book::EntryData< types::HistT< Config >, 0 >::EntryData(const std::string_view &title, const typename Type::AxisConfig_t &x_axis, const typename Type::AxisConfig_t &y_axis)' at line 55 of file /Package/source/book/include/marlinmt/book/HistEntryData.h
  marlinmt::book::EntryData< types::HistT< Config >, 0 >::EntryData(const typename Type::AxisConfig_t &x_axis, const typename Type::AxisConfig_t &y_axis, const typename Type::AxisConfig_t &z_axis)' at line 65 of file /Package/source/book/include/marlinmt/book/HistEntryData.h
  marlinmt::book::EntryData< types::HistT< Config >, 0 >::EntryData(const std::string_view &title, const typename Type::AxisConfig_t &x_axis, const typename Type::AxisConfig_t &y_axis, const typename Type::AxisConfig_t &z_axis)' at line 76 of file /Package/source/book/include/marlinmt/book/HistEntryData.h
  marlinmt::book::EntryData< types::HistT< Config >, 0 >::EntryData(const std::string_view &title, const std::array< const types::AxisConfig< typename Config::Precision_t > *, Config::Dimension > &axes)' at line 86 of file /Package/source/book/include/marlinmt/book/HistEntryData.h

/Package/source/book/include/marlinmt/book/Hist.h:110: warning: no uniquely matching class member found for 
  template < Config >
  marlinmt::book::EntryData< types::HistT< Config >, 0 >::EntryData(const std::string_view &title, const typename marlinmt::book::types::HistT< Config >::AxisConfig_t &x_axis, const typename types::HistT< Config >::AxisConfig_t &y_axis, const typename types::HistT< Config >::AxisConfig_t &z_axis)
Possible candidates:
  marlinmt::book::EntryData< types::HistT< Config >, 0 >::EntryData(const typename Type::AxisConfig_t &axis)' at line 31 of file /Package/source/book/include/marlinmt/book/HistEntryData.h
  marlinmt::book::EntryData< types::HistT< Config >, 0 >::EntryData(const std::string_view &title, const typename Type::AxisConfig_t &axis)' at line 38 of file /Package/source/book/include/marlinmt/book/HistEntryData.h
  marlinmt::book::EntryData< types::HistT< Config >, 0 >::EntryData(const typename Type::AxisConfig_t &x_axis, const typename Type::AxisConfig_t &y_axis)' at line 46 of file /Package/source/book/include/marlinmt/book/HistEntryData.h
  marlinmt::book::EntryData< types::HistT< Config >, 0 >::EntryData(const std::string_view &title, const typename Type::AxisConfig_t &x_axis, const typename Type::AxisConfig_t &y_axis)' at line 55 of file /Package/source/book/include/marlinmt/book/HistEntryData.h
  marlinmt::book::EntryData< types::HistT< Config >, 0 >::EntryData(const typename Type::AxisConfig_t &x_axis, const typename Type::AxisConfig_t &y_axis, const typename Type::AxisConfig_t &z_axis)' at line 65 of file /Package/source/book/include/marlinmt/book/HistEntryData.h
  marlinmt::book::EntryData< types::HistT< Config >, 0 >::EntryData(const std::string_view &title, const typename Type::AxisConfig_t &x_axis, const typename Type::AxisConfig_t &y_axis, const typename Type::AxisConfig_t &z_axis)' at line 76 of file /Package/source/book/include/marlinmt/book/HistEntryData.h
  marlinmt::book::EntryData< types::HistT< Config >, 0 >::EntryData(const std::string_view &title, const std::array< const types::AxisConfig< typename Config::Precision_t > *, Config::Dimension > &axes)' at line 86 of file /Package/source/book/include/marlinmt/book/HistEntryData.h

/Package/source/book/include/marlinmt/book/Hist.h:312: warning: no uniquely matching class member found for 
  template < Config >
  template < Args_t, d >
  std::enable_if_t< d==1, std::shared_ptr< details::Entry > > marlinmt::book::EntryData< Config >::book(BookStore &store, const Args_t &... args) const

/Package/source/book/include/marlinmt/book/Hist.h:325: warning: no uniquely matching class member found for 
  template < Config >
  template < Args_t, d >
  std::enable_if_t< d==2, std::shared_ptr< details::Entry > > marlinmt::book::EntryData< Config >::book(BookStore &store, const Args_t &... args) const

/Package/source/book/include/marlinmt/book/Hist.h:339: warning: no uniquely matching class member found for 
  template < Config >
  template < Args_t, d >
  std::enable_if_t< d==3, std::shared_ptr< details::Entry > > marlinmt::book::EntryData< Config >::book(BookStore &store, const Args_t &... args) const

/Package/source/book/include/marlinmt/book/Hist.h:358: warning: no uniquely matching class member found for 
  template < Config >
  template < Args_t, d >
  std::enable_if_t< d==1, std::shared_ptr< details::Entry > > marlinmt::book::EntryData< Config >::book(BookStore &store, const Args_t &... args) const

/Package/source/book/include/marlinmt/book/Hist.h:372: warning: no uniquely matching class member found for 
  template < Config >
  template < Args_t, d >
  std::enable_if_t< d==2, std::shared_ptr< details::Entry > > marlinmt::book::EntryData< Config >::book(BookStore &store, const Args_t &... args) const

/Package/source/book/include/marlinmt/book/Hist.h:387: warning: no uniquely matching class member found for 
  template < Config >
  template < Args_t, d >
  std::enable_if_t< d==3, std::shared_ptr< details::Entry > > marlinmt::book::EntryData< Config >::book(BookStore &store, const Args_t &... args) const

/Package/source/book/include/marlinmt/book/Hist.h:408: warning: no uniquely matching class member found for 
  template < Config >
  template < Args_t, d >
  std::enable_if_t< d==1, std::shared_ptr< details::Entry > > marlinmt::book::EntryData< Config >::book(BookStore &store, const Args_t &... args) const

/Package/source/book/include/marlinmt/book/Hist.h:421: warning: no uniquely matching class member found for 
  template < Config >
  template < Args_t, d >
  std::enable_if_t< d==2, std::shared_ptr< details::Entry > > marlinmt::book::EntryData< Config >::book(BookStore &store, const Args_t &... args) const

/Package/source/book/include/marlinmt/book/Hist.h:435: warning: no uniquely matching class member found for 
  template < Config >
  template < Args_t, d >
  std::enable_if_t< d==3, std::shared_ptr< details::Entry > > marlinmt::book::EntryData< Config >::book(BookStore &store, const Args_t &... args) const

/Package/source/book/include/marlinmt/book/HistEntry.h:115: warning: no uniquely matching class member found for 
  Handle< types::HistT< Config > >()

/Package/source/book/include/marlinmt/book/HistEntry.h:159: warning: no uniquely matching class member found for 
  Handle< types::HistT< Config > >()

/Package/source/book/include/marlinmt/book/HistEntry.h:208: warning: no uniquely matching class member found for 
  Handle< types::HistT< Config > >()

/Package/source/book/include/marlinmt/book/configs/Dummy.h:24: warning: no matching class member found for 
  template < Config >
  marlinmt::book::types::HistT< Config >::HistT(const std::string_view &title, const marlinmt::book::types::AxisConfig< Config::Precision_t > &axis)
Possible candidates:
  marlinmt::book::types::HistT< Config >::HistT(const AxisConfig_t &axis)
  marlinmt::book::types::HistT< Config >::HistT(const AxisConfig_t &axisA, const AxisConfig_t &axisB)
  marlinmt::book::types::HistT< Config >::HistT(const AxisConfig_t &axisA, const AxisConfig_t &axisB, const AxisConfig_t &axisC)
  marlinmt::book::types::HistT< Config >::HistT(const std::string_view &title, const AxisConfig_t &axis)
  marlinmt::book::types::HistT< Config >::HistT(const std::string_view &title, const AxisConfig_t &axisA, const AxisConfig_t &axisB)
  marlinmt::book::types::HistT< Config >::HistT(const std::string_view &title, const AxisConfig_t &axisA, const AxisConfig_t &axisB, const AxisConfig_t &axisC)

/Package/source/book/include/marlinmt/book/configs/Dummy.h:29: warning: no matching class member found for 
  template < Config >
  marlinmt::book::types::HistT< Config >::HistT(const std::string_view &title, const marlinmt::book::types::AxisConfig< Config::Precision_t > &axisA, const AxisConfig< typename Config::Precision_t > &axisB)
Possible candidates:
  marlinmt::book::types::HistT< Config >::HistT(const AxisConfig_t &axis)
  marlinmt::book::types::HistT< Config >::HistT(const AxisConfig_t &axisA, const AxisConfig_t &axisB)
  marlinmt::book::types::HistT< Config >::HistT(const AxisConfig_t &axisA, const AxisConfig_t &axisB, const AxisConfig_t &axisC)
  marlinmt::book::types::HistT< Config >::HistT(const std::string_view &title, const AxisConfig_t &axis)
  marlinmt::book::types::HistT< Config >::HistT(const std::string_view &title, const AxisConfig_t &axisA, const AxisConfig_t &axisB)
  marlinmt::book::types::HistT< Config >::HistT(const std::string_view &title, const AxisConfig_t &axisA, const AxisConfig_t &axisB, const AxisConfig_t &axisC)

/Package/source/book/include/marlinmt/book/configs/Dummy.h:35: warning: no matching class member found for 
  template < Config >
  marlinmt::book::types::HistT< Config >::HistT(const std::string_view &title, const marlinmt::book::types::AxisConfig< Config::Precision_t > &axisA, const AxisConfig< typename Config::Precision_t > &axisB, const AxisConfig< typename Config::Precision_t > &axisC)
Possible candidates:
  marlinmt::book::types::HistT< Config >::HistT(const AxisConfig_t &axis)
  marlinmt::book::types::HistT< Config >::HistT(const AxisConfig_t &axisA, const AxisConfig_t &axisB)
  marlinmt::book::types::HistT< Config >::HistT(const AxisConfig_t &axisA, const AxisConfig_t &axisB, const AxisConfig_t &axisC)
  marlinmt::book::types::HistT< Config >::HistT(const std::string_view &title, const AxisConfig_t &axis)
  marlinmt::book::types::HistT< Config >::HistT(const std::string_view &title, const AxisConfig_t &axisA, const AxisConfig_t &axisB)
  marlinmt::book::types::HistT< Config >::HistT(const std::string_view &title, const AxisConfig_t &axisA, const AxisConfig_t &axisB, const AxisConfig_t &axisC)

/Package/source/book/include/marlinmt/book/configs/ROOTv7.h:72: warning: no matching class member found for 
  template < Config >
  marlinmt::book::types::HistT< Config >::HistT(const std::string_view &title, const marlinmt::book::types::AxisConfig< Config::Precision_t > &axis)
Possible candidates:
  marlinmt::book::types::HistT< Config >::HistT(const AxisConfig_t &axis)
  marlinmt::book::types::HistT< Config >::HistT(const AxisConfig_t &axisA, const AxisConfig_t &axisB)
  marlinmt::book::types::HistT< Config >::HistT(const AxisConfig_t &axisA, const AxisConfig_t &axisB, const AxisConfig_t &axisC)
  marlinmt::book::types::HistT< Config >::HistT(const std::string_view &title, const AxisConfig_t &axis)
  marlinmt::book::types::HistT< Config >::HistT(const std::string_view &title, const AxisConfig_t &axisA, const AxisConfig_t &axisB)
  marlinmt::book::types::HistT< Config >::HistT(const std::string_view &title, const AxisConfig_t &axisA, const AxisConfig_t &axisB, const AxisConfig_t &axisC)

/Package/source/book/include/marlinmt/book/configs/ROOTv7.h:88: warning: no matching class member found for 
  template < Config >
  marlinmt::book::types::HistT< Config >::HistT(const std::string_view &title, const marlinmt::book::types::AxisConfig< Config::Precision_t > &axisA, const AxisConfig< typename Config::Precision_t > &axisB)
Possible candidates:
  marlinmt::book::types::HistT< Config >::HistT(const AxisConfig_t &axis)
  marlinmt::book::types::HistT< Config >::HistT(const AxisConfig_t &axisA, const AxisConfig_t &axisB)
  marlinmt::book::types::HistT< Config >::HistT(const AxisConfig_t &axisA, const AxisConfig_t &axisB, const AxisConfig_t &axisC)
  marlinmt::book::types::HistT< Config >::HistT(const std::string_view &title, const AxisConfig_t &axis)
  marlinmt::book::types::HistT< Config >::HistT(const std::string_view &title, const AxisConfig_t &axisA, const AxisConfig_t &axisB)
  marlinmt::book::types::HistT< Config >::HistT(const std::string_view &title, const AxisConfig_t &axisA, const AxisConfig_t &axisB, const AxisConfig_t &axisC)

/Package/source/book/include/marlinmt/book/configs/ROOTv7.h:111: warning: no matching class member found for 
  template < Config >
  marlinmt::book::types::HistT< Config >::HistT(const std::string_view &title, const marlinmt::book::types::AxisConfig< Config::Precision_t > &axisA, const AxisConfig< typename Config::Precision_t > &axisB, const AxisConfig< typename Config::Precision_t > &axisC)
Possible candidates:
  marlinmt::book::types::HistT< Config >::HistT(const AxisConfig_t &axis)
  marlinmt::book::types::HistT< Config >::HistT(const AxisConfig_t &axisA, const AxisConfig_t &axisB)
  marlinmt::book::types::HistT< Config >::HistT(const AxisConfig_t &axisA, const AxisConfig_t &axisB, const AxisConfig_t &axisC)
  marlinmt::book::types::HistT< Config >::HistT(const std::string_view &title, const AxisConfig_t &axis)
  marlinmt::book::types::HistT< Config >::HistT(const std::string_view &title, const AxisConfig_t &axisA, const AxisConfig_t &axisB)
  marlinmt::book::types::HistT< Config >::HistT(const std::string_view &title, const AxisConfig_t &axisA, const AxisConfig_t &axisB, const AxisConfig_t &axisC)

/Package/source/book/include/marlinmt/book/configs/ROOTv7.h:149: warning: no uniquely matching class member found for 
  template < Config >
  void marlinmt::book::types::HistT< Config >::FillN(const typename marlinmt::book::types::HistT< Config >::std::array< Precision_t, Dimension > *pFirst, const typename HistT< Config >::Point_t *pLast, const typename HistT< Config >::Weight_t *wFirst, const typename HistT< Config >::Weight_t *wLast)
Possible candidates:
  void marlinmt::book::types::HistT< Config >::FillN(const Point_t *pFirst, const Point_t *pLast, const Weight_t *wFirst, const Weight_t *wLast)' at line 246 of file /Package/source/book/include/marlinmt/book/configs/Base.h
  void marlinmt::book::types::HistT< Config >::FillN(const Point_t *first, const Point_t *last)' at line 256 of file /Package/source/book/include/marlinmt/book/configs/Base.h

/Package/source/book/include/marlinmt/book/configs/ROOTv7.h:165: warning: no uniquely matching class member found for 
  template < Config >
  void marlinmt::book::types::HistT< Config >::FillN(const typename marlinmt::book::types::HistT< Config >::std::array< Precision_t, Dimension > *first, const typename HistT< Config >::Point_t *last)
Possible candidates:
  void marlinmt::book::types::HistT< Config >::FillN(const Point_t *pFirst, const Point_t *pLast, const Weight_t *wFirst, const Weight_t *wLast)' at line 246 of file /Package/source/book/include/marlinmt/book/configs/Base.h
  void marlinmt::book::types::HistT< Config >::FillN(const Point_t *first, const Point_t *last)' at line 256 of file /Package/source/book/include/marlinmt/book/configs/Base.h

/Package/source/book/include/marlinmt/book/configs/ROOTv7.h:211: warning: no uniquely matching class member found for 
  template < Config >
  void marlinmt::book::types::HistConcurrentFiller< Config >::FillN(const typename marlinmt::book::types::HistT< Config >::typename Type::Point_t *pFirst, const typename HistT< Config >::Point_t *pLast, const typename HistT< Config >::Weight_t *wFirst, const typename HistT< Config >::Weight_t *wLast)
Possible candidates:
  void marlinmt::book::types::HistConcurrentFiller< Config >::FillN(const Point_t *pFirst, const Point_t *pLast, const Weight_t *wFirst, const Weight_t *wLast)' at line 307 of file /Package/source/book/include/marlinmt/book/configs/Base.h
  void marlinmt::book::types::HistConcurrentFiller< Config >::FillN(const Point_t *first, const Point_t *last)' at line 311 of file /Package/source/book/include/marlinmt/book/configs/Base.h

ge/source/framework/plugins/Statusmonitor.cc...
Preprocessing /Package/source/framework/plugins/TestProcessor.cc...
Parsing file /Package/source/framework/plugins/TestProcessor.cc...
Preprocessing /Package/source/framework/plugins/XMLConfigReader.cc...
Parsing file /Package/source/framework/plugins/XMLConfigReader.cc...
Preprocessing /Package/source/framework/plugins/XMLConfigWriter.cc...
Parsing file /Package/source/framework/plugins/XMLConfigWriter.cc...
Preprocessing /Package/source/dd4hep/plugins/DD4hepGeometry.cc...
Parsing file /Package/source/dd4hep/plugins/DD4hepGeometry.cc...
Preprocessing /Package/source/gear/plugins/GearGeometry.cc...
Parsing file /Package/source/gear/plugins/GearGeometry.cc...
Preprocessing /Package/source/lcio/include/marlinmt/lcio/ReaderListener.h...
Parsing file /Package/source/lcio/include/marlinmt/lcio/ReaderListener.h...
Preprocessing /Package/source/lcio/src/ReaderListener.cc...
Parsing file /Package/source/lcio/src/ReaderListener.cc...
Preprocessing /Package/source/lcio/plugins/DumpEventProcessor.cc...
Parsing file /Package/source/lcio/plugins/DumpEventProcessor.cc...
Preprocessing /Package/source/lcio/plugins/EventSelectorProcessor.cc...
Parsing file /Package/source/lcio/plugins/EventSelectorProcessor.cc...
Preprocessing /Package/source/lcio/plugins/LCIOEventUnpackingProcessor.cc...
Parsing file /Package/source/lcio/plugins/LCIOEventUnpackingProcessor.cc...
Preprocessing /Package/source/lcio/plugins/LCIOFileSource.cc...
Parsing file /Package/source/lcio/plugins/LCIOFileSource.cc...
Preprocessing /Package/source/lcio/plugins/LCIOOutputProcessor.cc...
Parsing file /Package/source/lcio/plugins/LCIOOutputProcessor.cc...
Preprocessing /Package/source/lcio/plugins/StdHepFileSource.cc...
Parsing file /Package/source/lcio/plugins/StdHepFileSource.cc...
Building group list...
Building directory list...
Building namespace list...
Building file list...
Building class list...
Associating documentation with classes...
Computing nesting relations for classes...
Building example list...
Searching for enumerations...
Searching for documented typedefs...
Searching for members imported via using declarations...
Searching for included using directives...
Searching for documented variables...
Building interface member list...
Building member list...
Searching for friends...
Searching for documented defines...
Computing class inheritance relations...
Computing class usage relations...
Flushing cached template relations that have become invalid...
Computing class relations...
Add enum values to enums...
Searching for member function documentation...
Creating members for template instances...
Building page list...
Search for main page...
Computing page relations...
Determining the scope of groups...
Sorting lists...
Freeing entry tree
Determining which enums are documented
Computing member relations...
Building full member lists recursively...
Adding members to member groups.
Computing member references...
Inheriting documentation...
Generating disk names...
Adding source references...
Adding xrefitems...
Sorting member lists...
Computing dependencies between directories...
Generating citations page...
Counting data structures...
Resolving user defined references...
Finding anchors and sections in the documentation...
Transferring function references...
Combining using relations...
Adding members to index pages...
Generating style sheet...
Generating search indices...
Generating example documentation...
Generating file sources...
Generating code for file Application.cc...
Generating code for file Application.h...
Generating code for file Base.h...
Generating code for file BookStore.cc...
Generating code for file BookStore.h...
Generating code for file BookStoreManager.cc...
Generating code for file BookStoreManager.h...
Generating code for file CmdLineParser.cc...
Generating code for file CmdLineParser.h...
Generating code for file Component.cc...
Generating code for file Component.h...
Generating code for file Condition.cc...
Generating code for file Condition.h...
Generating code for file Configuration.c/Package/source/framework/include/marlinmt/GeometryManager.h:64: warning: Unsupported xml/html tag <geometry> found
/Package/source/framework/plugins/XMLConfigReader.cc:79: warning: Unsupported xml/html tag <constants> found
/Package/source/framework/plugins/XMLConfigReader.cc:44: warning: Unsupported xml/html tag <execute> found
/Package/source/framework/plugins/XMLConfigReader.cc:52: warning: Unsupported xml/html tag <group> found
/Package/source/framework/plugins/XMLConfigReader.cc:88: warning: Unsupported xml/html tag <constant> found
/Package/source/framework/plugins/XMLConfigReader.cc:124: warning: Unsupported xml/html tag <parameter> found
/Package/source/framework/plugins/XMLConfigReader.cc:152: warning: Unsupported xml/html tag <group> found
c...
Generating code for file Configuration.h...
Generating code for file CPUCrunchingProcessor.cc...
Generating code for file DataSourcePlugin.cc...
Generating code for file DataSourcePlugin.h...
Generating code for file DD4hepGeometry.cc...
Generating code for file Dummy.h...
Generating code for file DumpEventProcessor.cc...
Generating code for file EmptyGeometry.cc...
Generating code for file Entry.h...
Generating code for file EntryData.h...
Generating code for file EventExtensions.cc...
Generating code for file EventExtensions.h...
Generating code for file EventSelectorProcessor.cc...
Generating code for file EventStore.h...
Generating code for file Exceptions.cc...
Generating code for file Exceptions.h...
Generating code for file Extensions.h...
Generating code for file Flags.h...
Generating code for file GearGeometry.cc...
Generating code for file GeometryManager.cc...
Generating code for file GeometryManager.h...
Generating code for file GeometryPlugin.cc...
Generating code for file GeometryPlugin.h...
Generating code for file Handle.h...
Generating code for file Hist.h...
Generating code for file HistEntry.h...
Generating code for file HistEntryData.h...
Generating code for file HistEntryDataBase.h...
Generating code for file IScheduler.cc...
Generating code for file IScheduler.h...
Generating code for file jenkinsHash.h...
Generating code for file LCIOEventUnpackingProcessor.cc...
Generating code for file LCIOFileSource.cc...
Generating code for file LCIOOutputProcessor.cc...
Generating code for file LoggerManager.cc...
Generating code for file LoggerManager.h...
Generating code for file Logging.cc...
Generating code for file Logging.h...
Generating code for file LogicalExpressions.cc...
Generating code for file LogicalExpressions.h...
Generating code for file MarlinMTBookConfig.h...
Generating code for file MarlinMTConfig.h...
Generating code for file MemLayout.h...
Generating code for file MemoryMonitorProcessor.cc...
Parsing code for file overview.txt...
Generating code for file Parameter.cc...
Generating code for file Parameter.h...
Generating code for file PEPScheduler.cc...
Generating code for file PEPScheduler.h...
Generating code for file PluginManager.cc...
Generating code for file PluginManager.h...
Generating code for file Processor.cc...
Generating code for file Processor.h...
Generating code for file ProcessorApi.cc...
Generating code for file ProcessorApi.h...
Generating code for file Queue.h...
Generating code for file QueueElement.h...
Generating code for file RandomSeedManager.cc...
Generating code for file RandomSeedManager.h...
Generating code for file ReaderListener.cc...
Generating code for file ReaderListener.h...
Generating code for file RootHistV7ToV6Conversion.cc...
Generating code for file RootHistV7ToV6Conversion.h...
Generating code for file ROOTv7.h...
Generating code for file RunHeader.h...
Generating code for file Selection.cc...
Generating code for file Selection.h...
Generating code for file Sequence.cc...
Generating code for file Sequence.h...
Generating code for file SimpleScheduler.cc...
Generating code for file SimpleScheduler.h...
Generating code for file Statusmonitor.cc...
Generating code for file StdHepFileSource.cc...
Generating code for file StoreWriter.cc...
Generating code for file StoreWriter.h...
Generating code for file StoreWriterDummy.cc...
Generating code for file TestProcessor.cc...
Generating code for file ThreadPool.h...
Generating code for file Types.h...
Generating code for file Utils.cc...
Generating code for file Utils.h...
Generating code for file Validator.h...
Generating code for file Worker.h...
Generating code for file XMLConfigReader.cc...
Generating code for file XMLConfigWriter.cc...
Generating file documentation...
Generating docs for file Application.cc...
Generating docs for file Application.h...
Generating docs for file Base.h...
Generating docs for file BookStore.cc...
Generating docs for file BookStore.h...
Generating docs for file BookStoreManager.cc...
Generating docs for file BookStoreManager.h...
Generating docs for file CmdLineParser.cc...
Generating docs for file CmdLineParser.h...
Generating docs for file Component.cc...
Generating docs for file Component.h...
Generating docs for file Condition.cc...
Generating docs for file Condition.h...
Generating docs for file Configuration.cc...
Generating docs for file Configuration.h...
Generating docs for file CPUCrunchingProcessor.cc...
Generating docs for file DataSourcePlugin.cc...
Generating docs for file DataSourcePlugin.h...
Generating docs for file DD4hepGeometry.cc...
Generating docs for file Dummy.h...
Generating docs for file DumpEventProcessor.cc...
Generating docs for file EmptyGeometry.cc...
Generating docs for file Entry.h...
Generating docs for file EntryData.h...
Generating docs for file EventExtensions.cc...
Generating docs for file EventExtensions.h...
Generating docs for file EventSelectorProcessor.cc...
Generating docs for file EventStore.h...
Generating docs for file Exceptions.cc...
Generating docs for file Exceptions.h...
Generating docs for file Extensions.h...
Generating docs for file Flags.h...
Generating docs for file GearGeometry.cc...
Generating docs for file GeometryManager.cc...
Generating docs for file GeometryManager.h...
Generating docs for file GeometryPlugin.cc...
Generating docs for file GeometryPlugin.h...
Generating docs for file Handle.h...
Generating docs for file Hist.h...
Generating docs for file HistEntry.h...
Generating docs for file HistEntryData.h...
Generating docs for file HistEntryDataBase.h...
Generating docs for file IScheduler.cc...
Generating docs for file IScheduler.h...
Generating docs for file jenkinsHash.h...
Generating docs for file LCIOEventUnpackingProcessor.cc...
Generating docs for file LCIOFileSource.cc...
Generating docs for file LCIOOutputProcessor.cc...
Generating docs for file LoggerManager.cc...
Generating docs for file LoggerManager.h...
Generating docs for file Logging.cc...
Generating docs for file Logging.h...
Generating docs for file LogicalExpressions.cc...
Generating docs for file LogicalExpressions.h...
Generating docs for file MarlinMTBookConfig.h...
Generating docs for file MarlinMTConfig.h...
Generating docs for file MemLayout.h...
Generating docs for file MemoryMonitorProcessor.cc...
Generating docs for file overview.txt...
Generating docs for file Parameter.cc...
Generating docs for file Parameter.h...
Generating docs for file PEPScheduler.cc...
Generating docs for file PEPScheduler.h...
Generating docs for file PluginManager.cc...
Generating docs for file PluginManager.h...
Generating docs for file Processor.cc...
Generating docs for file Processor.h...
Generating docs for file ProcessorApi.cc...
Generating docs for file ProcessorApi.h...
Generating docs for file Queue.h...
Generating docs for file QueueElement.h...
Generating docs for file RandomSeedManager.cc...
Generating docs for file RandomSeedManager.h...
Generating docs for file ReaderListener.cc...
Generating docs for file ReaderListener.h...
Generating docs for file RootHistV7ToV6Conversion.cc...
Generating docs for file RootHistV7ToV6Conversion.h...
Generating docs for file ROOTv7.h...
Generating docs for file RunHeader.h...
Generating docs for file Selection.cc...
Generating docs for file Selection.h...
Generating docs for file Sequence.cc...
Generating docs for file Sequence.h...
Generating docs for file SimpleScheduler.cc...
Generating docs for file SimpleScheduler.h...
Generating docs for file Statusmonitor.cc...
Generating docs for file StdHepFileSource.cc...
Generating docs for file StoreWriter.cc...
Generating docs for file StoreWriter.h...
Generating docs for file StoreWriterDummy.cc...
Generating docs for file TestProcessor.cc...
Generating docs for file ThreadPool.h...
Generating docs for file Types.h...
Generating docs for file Utils.cc...
Generating docs for file Utils.h...
Generating docs for file Validator.h...
Generating docs for file Worker.h...
Generating docs for file XMLConfigReader.cc...
Generating docs for file XMLConfigWriter.cc...
Generating page documentation...
Generating group documentation...
Generating class documentation...
Generating doc/Package/source/framework/include/marlinmt/BookStoreManager.h:40: warning: argument 'proc' of command @param is not found in the argument list of marlinmt::BookStoreManager::bookHist(const std::filesystem::path &path, const std::string_view &name, const std::string_view &title, const std::array< const AxisConfig< typename HistT::Precision_t > *, HistT::Dimension > &axesconfig, const BookFlag_t &flags)
/Package/source/framework/include/marlinmt/BookStoreManager.h:40: warning: argument 'axisconfig' of command @param is not found in the argument list of marlinmt::BookStoreManager::bookHist(const std::filesystem::path &path, const std::string_view &name, const std::string_view &title, const std::array< const AxisConfig< typename HistT::Precision_t > *, HistT::Dimension > &axesconfig, const BookFlag_t &flags)
/Package/source/framework/include/marlinmt/BookStoreManager.h:51: warning: The following parameters of marlinmt::BookStoreManager::bookHist(const std::filesystem::path &path, const std::string_view &name, const std::string_view &title, const std::array< const AxisConfig< typename HistT::Precision_t > *, HistT::Dimension > &axesconfig, const BookFlag_t &flags) are not documented:
  parameter 'axesconfig'
/Package/source/framework/plugins/CPUCrunchingProcessor.cc:21: warning: Found unknown command `\parameter'
/Package/source/framework/include/marlinmt/DataSourcePlugin.h:79: warning: argument 'event' of command @param is not found in the argument list of marlinmt::DataSourcePlugin::processRunHeader(std::shared_ptr< RunHeader > rhdr)
/Package/source/framework/include/marlinmt/DataSourcePlugin.h:85: warning: The following parameters of marlinmt::DataSourcePlugin::processRunHeader(std::shared_ptr< RunHeader > rhdr) are not documented:
  parameter 'rhdr'
/Package/source/framework/include/marlinmt/EventStore.h:72: warning: argument 'event' of command @param is not found in the argument list of marlinmt::EventStore::setBareEvent(T *evt, bool owner)
/Package/source/framework/include/marlinmt/EventStore.h:78: warning: The following parameters of marlinmt::EventStore::setBareEvent(T *evt, bool owner) are not documented:
  parameter 'evt'
/Package/source/framework/include/marlinmt/EventStore.h:62: warning: argument 'event' of command @param is not found in the argument list of marlinmt::EventStore::setEvent(std::shared_ptr< T > evt)
/Package/source/framework/include/marlinmt/EventStore.h:68: warning: The following parameters of marlinmt::EventStore::setEvent(std::shared_ptr< T > evt) are not documented:
  parameter 'evt'
/Package/source/framework/include/marlinmt/Exceptions.h:111: warning: argument 'a' of command @param is not found in the argument list of marlinmt::Exception::createMessage(const std::string &previous, unsigned int line, const std::string &func, const std::string &fname, const std::string &message) const
/Package/source/framework/include/marlinmt/Exceptions.h:120: warning: The following parameters of marlinmt::Exception::createMessage(const std::string &previous, unsigned int line, const std::string &func, const std::string &fname, const std::string &message) const are not documented:
  parameter 'previous'
/Package/source/framework/include/marlinmt/GeometryManager.h:64: warning: Unsupported xml/html tag <geometry> found
/Package/source/framework/include/marlinmt/GeometryManager.h:64: warning: Unsupported xml/html tag <geometry> found
/Package/source/framework/include/marlinmt/ProcessorApi.h:383: warning: The following parameters of marlinmt::ProcessorApi::Book::dontWrite(Processor *proc, const book::EntryKey &key) are not documented:
  parameter 'proc'
/Package/source/framework/include/marlinmt/ProcessorApi.h:375: warning: The following parameters of marlinmt::ProcessorApi::Book::write(Processor *proc, const book::EntryKey &key) are not documented:
  parameter 'proc'
/Package/source/framework/include/marlinmt/RandomSeedManager.h:53: warning: argument 'entry' of command @param is not found in the argument list of marlinmt::RandomSeedManager::addEntry(HashArgument arg)
/Package/source/framework/include/marlinmt/RandomSeedManager.h:58: warning: The following parameters of marlinmt::RandomSeedManager::addEntry(HashArgument arg) are not documented:
  parameter 'arg'
/Package/source/framework/include/marlinmt/Sequence.h:80: warning: argument 'event' of command @param is not found in the argument list of marlinmt::SequenceItem::processor() const
/Package/source/framework/plugins/Statusmonitor.cc:22: warning: Found unknown command `\parameter'
/Package/source/framework/include/marlinmt/Parameter.h:690: warning: argument 'conf' of command @param is not found in the argument list of marlinmt::VectorParameter< T >::VectorParameter(const std::string &na, const std::string &desc)
/Package/source/framework/include/marlinmt/Parameter.h:702: warning: argument 'conf' of command @param is not found in the argument list of marlinmt::VectorParameter< T >::VectorParameter(const std::string &na, const std::string &desc, const std::vector< T > &defVal)
/Package/source/framework/plugins/XMLConfigReader.cc:44: warning: Unsupported xml/html tag <execute> found
/Package/source/framework/plugins/XMLConfigReader.cc:52: warning: Unsupported xml/html tag <group> found
/Package/source/framework/plugins/XMLConfigReader.cc:79: warning: Unsupported xml/html tag <constants> found
/Package/source/framework/plugins/XMLConfigReader.cc:88: warning: Unsupported xml/html tag <constant> found
/Package/source/framework/plugins/XMLConfigReader.cc:124: warning: Unsupported xml/html tag <parameter> found
/Package/source/framework/plugins/XMLConfigReader.cc:152: warning: Unsupported xml/html tag <group> found
/Package/source/framework/plugins/XMLConfigReader.cc:124: warning: Unsupported xml/html tag <parameter> found
/Package/source/framework/plugins/XMLConfigReader.cc:88: warning: Unsupported xml/html tag <constant> found
/Package/source/framework/plugins/XMLConfigReader.cc:79: warning: Unsupported xml/html tag <constants> found
/Package/source/framework/plugins/XMLConfigReader.cc:80: warning: Unsupported xml/html tag <constants> found
/Package/source/framework/plugins/XMLConfigReader.cc:44: warning: Unsupported xml/html tag <execute> found
/Package/source/framework/plugins/XMLConfigReader.cc:44: warning: Unsupported xml/html tag <execute> found
/Package/source/framework/plugins/XMLConfigReader.cc:64: warning: Unsupported xml/html tag <processor> found
/Package/source/framework/plugins/XMLConfigReader.cc:152: warning: Unsupported xml/html tag <group> found
/Package/source/framework/plugins/XMLConfigReader.cc:52: warning: Unsupported xml/html tag <group> found
/Package/source/framework/plugins/XMLConfigReader.cc:55: warning: Unsupported xml/html tag <marlinmt> found
/Package/source/book/include/marlinmt/book/BookStore.h:169: warning: The following parameters of marlinmt::book::BookStore::bookMultiCopy(std::size_t n, std::filesystem::path path, Args_t... ctor_p) are not documented:
  parameter 'path'
  parameter 'ctor_p'
/Package/source/book/include/marlinmt/book/BookStore.h:181: warning: The following parameters of marlinmt::book::BookStore::bookMultiShared(std::size_t n, std::filesystem::path path, Args_t... ctor_p) are not documented:
  parameter 'path'
  parameter 'ctor_p'
/Package/source/book/include/marlinmt/book/BookStore.h:145: warning: argument 'name' of command @param is not found in the argument list of marlinmt::book::BookStore::bookSingle(std::filesystem::path path, Args_t... ctor_p)
s for compound PathHash...
Generating namespace index...
Generating docs for namespace EVENT
Generating docs for namespace marlinmt
Generating docs for compound marlinmt::Application...
Generating docs for compound marlinmt::BookStoreManager...
Generating docs for nested compound marlinmt::BookStoreManager::ObjectNotFound...
Generating docs for compound marlinmt::clock...
Generating docs for compound marlinmt::ClockMeasure...
Generating docs for compound marlinmt::CmdLineParser...
Generating docs for nested compound marlinmt::CmdLineParser::ParseResult...
Generating docs for compound marlinmt::Component...
Generating docs for compound marlinmt::ConfigHelper...
Generating docs for compound marlinmt::ConfigReader...
Generating docs for compound marlinmt::ConfigSection...
Generating docs for compound marlinmt::Configurable...
Generating docs for compound marlinmt::Configuration...
Generating docs for compound marlinmt::ConfigWriter...
Generating docs for compound marlinmt::CPUCrunchingProcessor...
Generating docs for compound marlinmt::DataSourcePlugin...
Generating docs for compound marlinmt::DD4hepGeometry...
Generating docs for compound marlinmt::DumpEventProcessor...
Generating docs for compound marlinmt::EmptyGeometry...
Generating docs for compound marlinmt::Entry...
Generating docs for compound marlinmt::EventSelectorProcessor...
Generating docs for compound marlinmt::EventStore...
Generating docs for compound marlinmt::Exception...
Generating docs for compound marlinmt::Expression...
Generating docs for compound marlinmt::Extension...
Generating docs for compound marlinmt::Extensions...
Generating docs for compound marlinmt::GearGeometry...
Generating docs for compound marlinmt::GeometryManager...
Generating docs for compound marlinmt::GeometryPlugin...
Generating docs for compound marlinmt::HashHelper...
Generating docs for compound marlinmt::IScheduler...
Generating docs for compound marlinmt::LCIOEventUnpackingProcessor...
Generating docs for compound marlinmt::LCIOFileSource...
Generating docs for compound marlinmt::LCIOOutputProcessor...
Generating docs for compound marlinmt::LoggerManager...
Generating docs for compound marlinmt::Logging...
Generating docs for compound marlinmt::LogicalExpressions...
Generating docs for compound marlinmt::MemoryMonitorProcessor...
Generating docs for compound marlinmt::Output...
Generating docs for compound marlinmt::Parameter...
Generating docs for compound marlinmt::ParameterBase...
Generating docs for compound marlinmt::ParameterImpl...
Generating docs for compound marlinmt::PluginManager...
Generating docs for nested compound marlinmt::PluginManager::FactoryData...
Generating docs for compound marlinmt::Processor...
Generating docs for compound marlinmt::ProcessorApi...
Generating docs for nested compound marlinmt::ProcessorApi::Book...
Generating docs for compound marlinmt::ProcessorConditionsExtension...
Generating docs for compound marlinmt::RandomSeedExtension...
Generating docs for compound marlinmt::RandomSeedManager...
Generating docs for compound marlinmt::ReaderListener...
Generating docs for compound marlinmt::RunHeader...
Generating docs for compound marlinmt::Sequence...
Generating docs for compound marlinmt::SequenceItem...
Generating docs for compound marlinmt::SimpleScheduler...
Generating docs for compound marlinmt::Statusmonitor...
Generating docs for compound marlinmt::StdHepFileSource...
Generating docs for compound marlinmt::StringUtil...
Generating docs for compound marlinmt::SuperSequence...
Generating docs for nested compound marlinmt::SuperSequence::ItemEqual...
Generating docs for compound marlinmt::TestProcessor...
Generating docs for compound marlinmt::Tokenizer...
Generating docs for compound marlinmt::VectorParameter...
Generating docs for compound marlinmt::XMLConfigReader...
Generating docs for compound marlinmt::XMLConfigWriter...
Generating docs for namespace marlinmt::book
Generating docs for compound marlinmt::book::BaseHandle...
Generating docs for compound marlinmt::book::BookStore...
Generating docs for nested compound marlinmt::book::/Package/source/book/include/marlinmt/book/HistEntryData.h:156: warning: The following parameters of marlinmt::book::EntryData< types::HistT< Config >, Flags::value(Flags::Book::MultiCopy) >::book(BookStore &store, const Args_t &... args) const are not documented:
  parameter 'args'
/Package/source/book/include/marlinmt/book/HistEntryData.h:164: warning: The following parameters of marlinmt::book::EntryData< types::HistT< Config >, Flags::value(Flags::Book::MultiCopy) >::book(BookStore &store, const Args_t &... args) const are not documented:
  parameter 'args'
/Package/source/book/include/marlinmt/book/HistEntryData.h:172: warning: The following parameters of marlinmt::book::EntryData< types::HistT< Config >, Flags::value(Flags::Book::MultiCopy) >::book(BookStore &store, const Args_t &... args) const are not documented:
  parameter 'args'
/Package/source/book/include/marlinmt/book/HistEntryData.h:199: warning: The following parameters of marlinmt::book::EntryData< types::HistT< Config >, Flags::value(Flags::Book::MultiShared) >::book(BookStore &store, const Args_t &... args) const are not documented:
  parameter 'args'
/Package/source/book/include/marlinmt/book/HistEntryData.h:207: warning: The following parameters of marlinmt::book::EntryData< types::HistT< Config >, Flags::value(Flags::Book::MultiShared) >::book(BookStore &store, const Args_t &... args) const are not documented:
  parameter 'args'
/Package/source/book/include/marlinmt/book/HistEntryData.h:215: warning: The following parameters of marlinmt::book::EntryData< types::HistT< Config >, Flags::value(Flags::Book::MultiShared) >::book(BookStore &store, const Args_t &... args) const are not documented:
  parameter 'args'
/Package/source/book/include/marlinmt/book/HistEntryData.h:115: warning: The following parameters of marlinmt::book::EntryData< types::HistT< Config >, Flags::value(Flags::Book::Single) >::book(BookStore &store, const Args_t &... args) const are not documented:
  parameter 'args'
/Package/source/book/include/marlinmt/book/HistEntryData.h:123: warning: The following parameters of marlinmt::book::EntryData< types::HistT< Config >, Flags::value(Flags::Book::Single) >::book(BookStore &store, const Args_t &... args) const are not documented:
  parameter 'args'
/Package/source/book/include/marlinmt/book/HistEntryData.h:131: warning: The following parameters of marlinmt::book::EntryData< types::HistT< Config >, Flags::value(Flags::Book::Single) >::book(BookStore &store, const Args_t &... args) const are not documented:
  parameter 'args'
/Package/source/book/include/marlinmt/book/HistEntry.h:174: warning: explicit link request to 'fill' could not be resolved
/Package/source/book/include/marlinmt/book/HistEntry.h:179: warning: explicit link request to 'fillN' could not be resolved
/Package/source/book/include/marlinmt/book/HistEntry.h:174: warning: explicit link request to 'fill' could not be resolved
/Package/source/book/include/marlinmt/book/HistEntry.h:179: warning: explicit link request to 'fillN' could not be resolved
/Package/source/book/include/marlinmt/book/HistEntry.h:222: warning: explicit link request to 'fill' could not be resolved
/Package/source/book/include/marlinmt/book/HistEntry.h:227: warning: explicit link request to 'fill' could not be resolved
/Package/source/book/include/marlinmt/book/HistEntry.h:222: warning: explicit link request to 'fill' could not be resolved
/Package/source/book/include/marlinmt/book/HistEntry.h:227: warning: explicit link request to 'fill' could not be resolved
/Package/source/book/include/marlinmt/book/Flags.h:73: warning: argument 'flag' of command @param is not found in the argument list of marlinmt::book::Flag_t::contains(const Flag_t &f) const
/Package/source/book/include/marlinmt/book/Flags.h:77: warning: The following parameters of marlinmt::book::Flag_t::contains(const Flag_t &f) const are not documented:
  parameter 'f'
/Package/source/book/include/marlinmt/book/MemLayout.h:74: warning: argument 'amount' of command @param is not found in the argument list of marlinmt::book::SharedMemLayout< T, MERGE, Args_t >::SharedMemLayout(std::size_t num_instances, Args_t... args)
/Package/source/book/include/marlinmt/book/MemLayout.h:78: warning: The following parameters of marlinmt::book::SharedMemLayout::SharedMemLayout(std::size_t num_instances, Args_t... args) are not documented:
  parameter 'num_instances'
BookStore::Identifier...
Generating docs for nested compound marlinmt::book::BookStore::Identifier::Hash...
Generating docs for compound marlinmt::book::CheckRoot6Type...
Generating docs for compound marlinmt::book::CheckRoot6Type< 1, Char_t >...
Generating docs for compound marlinmt::book::CheckRoot6Type< 1, Double_t >...
Generating docs for compound marlinmt::book::CheckRoot6Type< 1, Float_t >...
Generating docs for compound marlinmt::book::CheckRoot6Type< 1, Int_t >...
Generating docs for compound marlinmt::book::CheckRoot6Type< 1, Short_t >...
Generating docs for compound marlinmt::book::CheckRoot6Type< 2, Char_t >...
Generating docs for compound marlinmt::book::CheckRoot6Type< 2, Double_t >...
Generating docs for compound marlinmt::book::CheckRoot6Type< 2, Float_t >...
Generating docs for compound marlinmt::book::CheckRoot6Type< 2, Int_t >...
Generating docs for compound marlinmt::book::CheckRoot6Type< 2, Short_t >...
Generating docs for compound marlinmt::book::CheckRoot6Type< 3, Char_t >...
Generating docs for compound marlinmt::book::CheckRoot6Type< 3, Double_t >...
Generating docs for compound marlinmt::book::CheckRoot6Type< 3, Float_t >...
Generating docs for compound marlinmt::book::CheckRoot6Type< 3, Int_t >...
Generating docs for compound marlinmt::book::CheckRoot6Type< 3, Short_t >...
Generating docs for compound marlinmt::book::CheckStats...
Generating docs for compound marlinmt::book::Condition...
Generating docs for compound marlinmt::book::ConditionBuilder...
Generating docs for compound marlinmt::book::Context...
Generating docs for compound marlinmt::book::Entry...
Generating docs for compound marlinmt::book::EntryBase...
Generating docs for compound marlinmt::book::EntryData...
Generating docs for compound marlinmt::book::EntryData< types::HistT< Config >, 0 >...
Generating docs for compound marlinmt::book::EntryData< types::HistT< Config >, Flags::value(Flags::Book::MultiCopy) >...
Generating docs for compound marlinmt::book::EntryData< types::HistT< Config >, Flags::value(Flags::Book::MultiShared) >...
Generating docs for compound marlinmt::book::EntryData< types::HistT< Config >, Flags::value(Flags::Book::Single) >...
Generating docs for compound marlinmt::book::EntryDataBase...
Generating docs for compound marlinmt::book::EntryDataBase< types::HistT< Config > >...
Generating docs for compound marlinmt::book::EntryDataBase< void >...
Generating docs for compound marlinmt::book::EntryKey...
Generating docs for compound marlinmt::book::EntryMultiCopy...
Generating docs for compound marlinmt::book::EntryMultiCopy< types::HistT< Config > >...
Generating docs for compound marlinmt::book::EntryMultiShared...
Generating docs for compound marlinmt::book::EntryMultiShared< types::HistT< Config > >...
Generating docs for compound marlinmt::book::EntrySingle...
Generating docs for compound marlinmt::book::EntrySingle< types::HistT< Config > >...
Generating docs for compound marlinmt::book::Flag_t...
Generating docs for compound marlinmt::book::Handle...
Generating docs for compound marlinmt::book::Handle< Entry< T > >...
Generating docs for compound marlinmt::book::Handle< types::HistT< Config > >...
Generating docs for compound marlinmt::book::HistConverter...
Generating docs for compound marlinmt::book::HistConverter< RExp::RHist< DIMS, PRECISION, STAT... >, std::enable_if_t< CheckRoot6Type_v< DIMS, PRECISION > &&CheckStats_v< STAT... > > >...
Generating docs for compound marlinmt::book::MakeRoot6Hist...
Generating docs for compound marlinmt::book::MakeRoot6Hist< 3 >...
Generating docs for compound marlinmt::book::MemLayout...
Generating docs for compound marlinmt::book::Selection...
Generating docs for compound marlinmt::book::SharedMemLayout...
Generating docs for compound marlinmt::book::SingleMemLayout...
Generating docs for compound marlinmt::book::StoreWriter...
Generating docs for compound marlinmt::book::WeakEntry...
Generating docs for namespace marlinmt::book::details
Generating docs for compound marlinmt::book::details::Entry...
Generating docs for nested compound marlinmt::book::details::Entry:/Package/source/book/include/marlinmt/book/configs/ROOTv7.h:39: warning: Found unknown command `\cod'
/Package/source/book/include/marlinmt/book/configs/Base.h:251: warning: argument 'pFirst' of command @param is not found in the argument list of marlinmt::book::types::HistT< Config >::FillN(const Point_t *first, const Point_t *last)
/Package/source/book/include/marlinmt/book/configs/Base.h:251: warning: argument 'pLast' of command @param is not found in the argument list of marlinmt::book::types::HistT< Config >::FillN(const Point_t *first, const Point_t *last)
/Package/source/book/include/marlinmt/book/configs/Base.h:256: warning: The following parameters of marlinmt::book::types::HistT::FillN(const Point_t *first, const Point_t *last) are not documented:
  parameter 'first'
  parameter 'last'
/Package/source/framework/include/marlinmt/concurrency/ThreadPool.h:148: warning: unexpected end of comment block while parsing the argument of command param
/Package/source/framework/include/marlinmt/concurrency/ThreadPool.h:151: warning: The following parameters of marlinmt::concurrency::ThreadPool::push(PushPolicy policy, IN &&input) are not documented:
  parameter 'input'
:EntryHelper...
Generating docs for nested compound marlinmt::book::details::Entry::EntryHelper::Conclusion...
Generating docs for nested compound marlinmt::book::details::Entry::EntryHelper::need_index...
Generating docs for nested compound marlinmt::book::details::Entry::EntryHelper::need_void...
Generating docs for namespace marlinmt::book::exceptions
Generating docs for compound marlinmt::book::exceptions::BookStoreException...
Generating docs for namespace marlinmt::book::Flags
Generating docs for namespace marlinmt::book::Flags::Book
Generating docs for namespace marlinmt::book::Masks
Generating docs for namespace marlinmt::book::Masks::Book
Generating docs for namespace marlinmt::book::types
Generating docs for compound marlinmt::book::types::AxisConfig...
Generating docs for compound marlinmt::book::types::HistConcurrentFiller...
Generating docs for compound marlinmt::book::types::HistConcurrentFillManager...
Generating docs for compound marlinmt::book::types::HistConfig...
Generating docs for compound marlinmt::book::types::HistT...
Generating docs for namespace marlinmt::concurrency
Generating docs for compound marlinmt::concurrency::PEPScheduler...
Generating docs for compound marlinmt::concurrency::ProcessorSequenceWorker...
Generating docs for compound marlinmt::concurrency::Queue...
Generating docs for compound marlinmt::concurrency::QueueElement...
Generating docs for compound marlinmt::concurrency::QueueElement< IN, void >...
Generating docs for compound marlinmt::concurrency::QueueElement< void, OUT >...
Generating docs for compound marlinmt::concurrency::QueueElement< void, void >...
Generating docs for compound marlinmt::concurrency::ThreadPool...
Generating docs for compound marlinmt::concurrency::Worker...
Generating docs for compound marlinmt::concurrency::WorkerBase...
Generating docs for compound marlinmt::concurrency::WorkerBase< IN, void >...
Generating docs for compound marlinmt::concurrency::WorkerBase< void, OUT >...
Generating docs for compound marlinmt::concurrency::WorkerBase< void, void >...
Generating docs for compound marlinmt::concurrency::WorkerOutput...
Generating docs for namespace marlinmt::details
Generating docs for compound marlinmt::details::convert...
Generating docs for compound marlinmt::details::convert< bool >...
Generating docs for compound marlinmt::details::convert< std::string >...
Generating docs for compound marlinmt::details::convert< std::vector< std::string > >...
Generating docs for compound marlinmt::details::convert< std::vector< T > >...
Generating docs for compound marlinmt::details::type_info...
Generating docs for compound marlinmt::details::type_info< bool >...
Generating docs for compound marlinmt::details::type_info< char >...
Generating docs for compound marlinmt::details::type_info< double >...
Generating docs for compound marlinmt::details::type_info< float >...
Generating docs for compound marlinmt::details::type_info< int >...
Generating docs for compound marlinmt::details::type_info< short >...
Generating docs for compound marlinmt::details::type_info< std::nullptr_t >...
Generating docs for compound marlinmt::details::type_info< std::string >...
Generating docs for compound marlinmt::details::type_info< std::vector< bool > >...
Generating docs for compound marlinmt::details::type_info< std::vector< char > >...
Generating docs for compound marlinmt::details::type_info< std::vector< double > >...
Generating docs for compound marlinmt::details::type_info< std::vector< float > >...
Generating docs for compound marlinmt::details::type_info< std::vector< int > >...
Generating docs for compound marlinmt::details::type_info< std::vector< short > >...
Generating docs for compound marlinmt::details::type_info< std::vector< std::string > >...
Generating docs for compound marlinmt::details::type_info< std::vector< unsigned int > >...
Generating docs for compound marlinmt::details::type_info< unsigned int >...
Generating docs for namespace marlinmt::extensions
Generating docs for compound marlinmt::extensions::IsFirstEvent...
Generating docs for compound marlinmt::extensions::ProcessorConditions...
Generating docs for compound marlinmt::extensions::RandomSeed...
Generating docs for namespace marlinmt::loglevel
Generating docs for namespace marlinmt::validator
Generating docs for namespace ROOT
Generating docs for namespace ROOT::Experimental
Generating docs for compound ROOT::Experimental::RHist...
Generating docs for compound ROOT::Experimental::RHistStatContent...
Generating docs for namespace std
Generating docs for compound std::less< marlinmt::book::EntryKey >...
Generating graph info page...
Generating directory documentation...
Generating index page...
Generating page index...
Generating module index...
Generating namespace index...
Generating namespace member index...
Generating annotated compound index...
Generating alphabetical compound index...
Generating hierarchical class index...
Generating member index...
Generating file index...
Generating file member index...
Generating example index...
finalizing index lists...
writing tag file...
lookup cache used 5034/65536 hits=40108 misses=5280
finished...
